{"message":"test","level":"error"}
{"level":"error"}
{"message":"EnvironmentVariable validation failed: value: Cast to String failed for value \"{ type: 'boolean', current: 'true' }\" at path \"value\"","level":"error"}
{"message":"EnvironmentVariable validation failed: value: Cast to String failed for value \"{ type: 'boolean', current: true }\" at path \"value\"","level":"error"}
{"level":"error"}
{"level":"error"}
{"message":"Unhandled error. ([object Object])","level":"error"}
{"message":"Unhandled error. ([object Object])","level":"error"}
{"message":"Unhandled error. ([object Object])","level":"error"}
{"message":"Unhandled error. ([object Object])","level":"error"}
{"message":"Cannot read property 'map' of undefined","level":"error"}
{"message":"Cannot read property 'map' of undefined","level":"error"}
{"message":"The sensor 5c1822e6b8d5754b91aea7c5 is now connected !","level":"error"}
{"message":"The sensor 5c1822e6b8d5754b91aea7c5 is now connected !","level":"error"}
{"message":"The sensor 5c1822e6b8d5754b91aea7c5 is now connected !","level":"error"}
{"message":"The sensor 5c1822e6b8d5754b91aea7c5 is now connected !","level":"error"}
{"message":"The sensor 5c1822e6b8d5754b91aea7c5 is now connected !","level":"error"}
{"message":"The sensor 5c1824e762c61f4ed287ad7a tried to connect but isn't registered !","level":"error"}
{"message":"The sensor 5c1824e762c61f4ed287ad7a tried to connect but isn't registered !","level":"error"}
{"message":"The sensor 5c1824e762c61f4ed287ad7a tried to connect but isn't registered !","level":"error"}
{"message":"The sensor 5c18275a4f3e0e521bfde5f4 tried to connect but isn't registered !","level":"error"}
{"message":"The sensor 5c18c9686d28461cb908a4e4 tried to connect but isn't registered !","level":"error"}
{"message":"database_event is not defined","level":"error"}
{"message":"database_event is not defined","level":"error"}
{"message":"EnvironmentVariable is not defined","level":"error"}
{"message":"Cannot read property 'map' of undefined","level":"error"}
{"message":"EnvironmentVariable is not defined","level":"error"}
{"message":"Cannot read property 'map' of undefined","level":"error"}
{"message":"EnvironmentVariable is not defined","level":"error"}
{"message":"Cannot read property 'map' of undefined","level":"error"}
{"message":"EnvironmentVariable is not defined","level":"error"}
{"message":"Cannot read property 'map' of undefined","level":"error"}
{"message":"Cannot read property 'map' of undefined","level":"error"}
{"message":"Cannot read property 'map' of undefined","level":"error"}
{"message":"Cannot read property 'map' of undefined","level":"error"}
{"message":"Cannot read property 'map' of undefined","level":"error"}
{"message":"Cannot read property 'map' of undefined","level":"error"}
{"message":"Cannot read property 'map' of undefined","level":"error"}
{"message":"Cannot read property 'map' of undefined","level":"error"}
{"message":"Cannot read property 'map' of undefined","level":"error"}
{"message":"Cannot read property 'map' of undefined","level":"error"}
{"message":"Cannot read property 'map' of undefined","level":"error"}
{"message":"Cannot read property 'map' of undefined","level":"error"}
{"message":"Cannot read property 'map' of undefined","level":"error"}
{"message":"Cannot read property 'map' of undefined","level":"error"}
{"message":"Cannot read property 'map' of undefined","level":"error"}
{"message":"Cannot read property 'map' of undefined","level":"error"}
{"message":"Cannot read property 'map' of undefined","level":"error"}
{"message":"Cannot read property 'map' of undefined","level":"error"}
{"message":"Cannot read property 'map' of undefined","level":"error"}
{"message":"Cannot read property 'map' of undefined","level":"error"}
{"message":"Cannot read property 'map' of undefined","level":"error"}
{"message":"Cannot read property 'map' of undefined","level":"error"}
{"message":"Cannot read property 'map' of undefined","level":"error"}
{"message":"Cannot read property 'map' of undefined","level":"error"}
{"message":"Cannot read property 'map' of undefined","level":"error"}
{"message":"Cannot read property 'map' of undefined","level":"error"}
{"message":"Cannot read property 'map' of undefined","level":"error"}
{"message":"Cannot read property 'map' of undefined","level":"error"}
{"message":"Cannot read property 'map' of undefined","level":"error"}
{"message":"Cannot read property 'map' of undefined","level":"error"}
{"message":"Cannot read property 'map' of undefined","level":"error"}
{"message":"Cannot read property 'map' of undefined","level":"error"}
{"message":"Cannot read property 'map' of undefined","level":"error"}
{"message":"Cannot read property 'map' of undefined","level":"error"}
{"message":"Cannot read property 'map' of undefined","level":"error"}
{"message":"Cannot read property 'map' of undefined","level":"error"}
{"message":"Cannot read property 'map' of undefined","level":"error"}
{"message":"Cannot read property 'map' of undefined","level":"error"}
{"message":"Cannot read property 'map' of undefined","level":"error"}
{"message":"Cannot read property 'map' of undefined","level":"error"}
{"message":"Cannot read property 'map' of undefined","level":"error"}
{"message":"Cannot read property 'map' of undefined","level":"error"}
{"message":"The sensor undefined tried to connect but isn't registered !","level":"error"}
{"message":"The sensor undefined tried to connect but isn't registered !","level":"error"}
{"message":"The sensor undefined tried to connect but isn't registered !","level":"error"}
{"message":"The sensor undefined tried to connect but isn't registered !","level":"error"}
{"message":"The sensor undefined tried to connect but isn't registered !","level":"error"}
{"message":"The sensor undefined tried to connect but isn't registered !","level":"error"}
{"message":"The sensor undefined tried to connect but isn't registered !","level":"error"}
{"message":"The sensor undefined tried to connect but isn't registered !","level":"error"}
{"message":"The sensor undefined tried to connect but isn't registered !","level":"error"}
{"message":"The sensor undefined tried to connect but isn't registered !","level":"error"}
{"message":"The sensor undefined tried to connect but isn't registered !","level":"error"}
{"message":"The sensor undefined tried to connect but isn't registered !","level":"error"}
{"message":"Cannot read property '_id' of null","level":"error"}
{"message":"The sensor undefined tried to connect but isn't registered !","level":"error"}
{"message":"The sensor undefined tried to connect but isn't registered !","level":"error"}
{"message":"The sensor undefined tried to connect but isn't registered !","level":"error"}
{"message":"The sensor undefined tried to connect but isn't registered !","level":"error"}
{"message":"The sensor undefined tried to connect but isn't registered !","level":"error"}
{"message":"The sensor undefined tried to connect but isn't registered !","level":"error"}
{"message":"The sensor undefined tried to connect but isn't registered !","level":"error"}
{"message":"The sensor undefined tried to connect but isn't registered !","level":"error"}
{"message":"The sensor undefined tried to connect but isn't registered !","level":"error"}
{"message":"The sensor undefined tried to connect but isn't registered !","level":"error"}
{"message":"The sensor undefined tried to connect but isn't registered !","level":"error"}
{"message":"Cannot read property '_id' of null","level":"error"}
{"message":"The sensor undefined tried to connect but isn't registered !","level":"error"}
{"message":"The sensor undefined tried to connect but isn't registered !","level":"error"}
{"message":"The sensor undefined tried to connect but isn't registered !","level":"error"}
{"message":"Cannot read property '_id' of null","level":"error"}
{"message":"Cannot read property '_id' of null","level":"error"}
{"message":"The sensor 5c1976f99ec7695c586ee7f0 tried to connect but isn't registered !","level":"error"}
{"message":"The sensor 5c19794f9a2b4560c7dc1944 tried to connect but isn't registered !","level":"error"}
{"message":"Cannot read property '_id' of null","level":"error"}
{"message":"The sensor 5c197a5d320e09626b87abab tried to connect but isn't registered !","level":"error"}
{"message":"Cannot read property 'map' of undefined","level":"error"}
{"message":"Cannot read property 'map' of undefined","level":"error"}
{"message":"Cannot read property 'map' of undefined","level":"error"}
{"message":"Cannot read property 'map' of undefined","level":"error"}
{"message":"Cannot read property 'map' of undefined","level":"error"}
{"message":"Cannot read property 'map' of undefined","level":"error"}
{"message":"Cannot read property 'map' of undefined","level":"error"}
{"message":"Cannot read property 'map' of undefined","level":"error"}
{"message":"Cannot read property 'map' of undefined","level":"error"}
{"message":"Cannot read property 'map' of undefined","level":"error"}
{"message":"Cannot read property 'map' of undefined","level":"error"}
{"message":"Cannot read property 'map' of undefined","level":"error"}
{"message":"Cannot read property 'map' of undefined","level":"error"}
{"message":"Cannot read property 'map' of undefined","level":"error"}
{"message":"Cannot read property 'map' of undefined","level":"error"}
{"message":"Cannot read property 'map' of undefined","level":"error"}
{"message":"Cannot read property 'map' of undefined","level":"error"}
{"message":"Cannot read property 'map' of undefined","level":"error"}
{"message":"Cannot read property 'map' of undefined","level":"error"}
{"message":"Cannot read property 'map' of undefined","level":"error"}
{"message":"Cannot read property 'map' of undefined","level":"error"}
{"message":"Cannot read property 'map' of undefined","level":"error"}
{"message":"Cannot read property 'map' of undefined","level":"error"}
{"message":"Cannot read property 'map' of undefined","level":"error"}
{"message":"E11000 duplicate key error collection: Hom-E-Hub.environmentvariables index: _id_ dup key: { : ObjectId('5c1a9c2467f0664ecc30bdbe') }","level":"error"}
{"message":"E11000 duplicate key error collection: Hom-E-Hub.environmentvariables index: _id_ dup key: { : ObjectId('5c1a9c2467f0664ecc30bdbe') }","level":"error"}
{"message":"E11000 duplicate key error collection: Hom-E-Hub.environmentvariables index: _id_ dup key: { : ObjectId('5c1a9c2467f0664ecc30bdbe') }","level":"error"}
{"message":"E11000 duplicate key error collection: Hom-E-Hub.environmentvariables index: _id_ dup key: { : ObjectId('5c1a9c2467f0664ecc30bdbe') }","level":"error"}
{"message":"E11000 duplicate key error collection: Hom-E-Hub.environmentvariables index: _id_ dup key: { : ObjectId('5c1a9c2467f0664ecc30bdbe') }","level":"error"}
{"message":"E11000 duplicate key error collection: Hom-E-Hub.environmentvariables index: _id_ dup key: { : ObjectId('5c1a9c2467f0664ecc30bdbe') }","level":"error"}
{"message":"E11000 duplicate key error collection: Hom-E-Hub.environmentvariables index: _id_ dup key: { : ObjectId('5c1a9c2467f0664ecc30bdbe') }","level":"error"}
{"message":"E11000 duplicate key error collection: Hom-E-Hub.environmentvariables index: _id_ dup key: { : ObjectId('5c1a9c2467f0664ecc30bdbe') }","level":"error"}
{"message":"E11000 duplicate key error collection: Hom-E-Hub.environmentvariables index: _id_ dup key: { : ObjectId('5c1a9c2467f0664ecc30bdbe') }","level":"error"}
{"message":"E11000 duplicate key error collection: Hom-E-Hub.environmentvariables index: _id_ dup key: { : ObjectId('5c1a9c2467f0664ecc30bdbe') }","level":"error"}
{"message":"E11000 duplicate key error collection: Hom-E-Hub.environmentvariables index: _id_ dup key: { : ObjectId('5c1a9c2467f0664ecc30bdbe') }","level":"error"}
{"message":"E11000 duplicate key error collection: Hom-E-Hub.environmentvariables index: _id_ dup key: { : ObjectId('5c1a9c2467f0664ecc30bdbe') }","level":"error"}
{"message":"E11000 duplicate key error collection: Hom-E-Hub.environmentvariables index: _id_ dup key: { : ObjectId('5c1a9c2467f0664ecc30bdbe') }","level":"error"}
{"message":"E11000 duplicate key error collection: Hom-E-Hub.environmentvariables index: _id_ dup key: { : ObjectId('5c1a9c2467f0664ecc30bdbe') }","level":"error"}
{"message":"E11000 duplicate key error collection: Hom-E-Hub.environmentvariables index: _id_ dup key: { : ObjectId('5c1a9c2467f0664ecc30bdbe') }","level":"error"}
{"message":"E11000 duplicate key error collection: Hom-E-Hub.environmentvariables index: _id_ dup key: { : ObjectId('5c1a9c2467f0664ecc30bdbe') }","level":"error"}
{"message":"E11000 duplicate key error collection: Hom-E-Hub.environmentvariables index: _id_ dup key: { : ObjectId('5c1a9c2467f0664ecc30bdbe') }","level":"error"}
{"message":"E11000 duplicate key error collection: Hom-E-Hub.environmentvariables index: _id_ dup key: { : ObjectId('5c1a9c2467f0664ecc30bdbe') }","level":"error"}
{"message":"E11000 duplicate key error collection: Hom-E-Hub.environmentvariables index: _id_ dup key: { : ObjectId('5c1a9c2467f0664ecc30bdbe') }","level":"error"}
{"message":"E11000 duplicate key error collection: Hom-E-Hub.environmentvariables index: _id_ dup key: { : ObjectId('5c1a9c2467f0664ecc30bdbe') }","level":"error"}
{"message":"E11000 duplicate key error collection: Hom-E-Hub.environmentvariables index: _id_ dup key: { : ObjectId('5c1a9c2467f0664ecc30bdbe') }","level":"error"}
{"message":"E11000 duplicate key error collection: Hom-E-Hub.environmentvariables index: _id_ dup key: { : ObjectId('5c1a9c2467f0664ecc30bdbe') }","level":"error"}
{"message":"E11000 duplicate key error collection: Hom-E-Hub.environmentvariables index: _id_ dup key: { : ObjectId('5c1a9c2467f0664ecc30bdbe') }","level":"error"}
{"message":"E11000 duplicate key error collection: Hom-E-Hub.environmentvariables index: _id_ dup key: { : ObjectId('5c1a9c2467f0664ecc30bdbe') }","level":"error"}
{"message":"E11000 duplicate key error collection: Hom-E-Hub.environmentvariables index: _id_ dup key: { : ObjectId('5c1a9c2467f0664ecc30bdbe') }","level":"error"}
{"message":"E11000 duplicate key error collection: Hom-E-Hub.environmentvariables index: _id_ dup key: { : ObjectId('5c1a9c2467f0664ecc30bdbe') }","level":"error"}
{"message":"E11000 duplicate key error collection: Hom-E-Hub.environmentvariables index: _id_ dup key: { : ObjectId('5c1a9c2467f0664ecc30bdbe') }","level":"error"}
{"message":"E11000 duplicate key error collection: Hom-E-Hub.environmentvariables index: _id_ dup key: { : ObjectId('5c1a9c2467f0664ecc30bdbe') }","level":"error"}
{"message":"E11000 duplicate key error collection: Hom-E-Hub.environmentvariables index: _id_ dup key: { : ObjectId('5c1a9c2467f0664ecc30bdbe') }","level":"error"}
{"message":"E11000 duplicate key error collection: Hom-E-Hub.environmentvariables index: _id_ dup key: { : ObjectId('5c1a9c2467f0664ecc30bdbe') }","level":"error"}
{"message":"E11000 duplicate key error collection: Hom-E-Hub.environmentvariables index: _id_ dup key: { : ObjectId('5c1a9c2467f0664ecc30bdbe') }","level":"error"}
{"message":"E11000 duplicate key error collection: Hom-E-Hub.environmentvariables index: _id_ dup key: { : ObjectId('5c1a9c2467f0664ecc30bdbe') }","level":"error"}
{"message":"E11000 duplicate key error collection: Hom-E-Hub.environmentvariables index: _id_ dup key: { : ObjectId('5c1a9c2467f0664ecc30bdbe') }","level":"error"}
{"message":"E11000 duplicate key error collection: Hom-E-Hub.environmentvariables index: _id_ dup key: { : ObjectId('5c1a9c2467f0664ecc30bdbe') }","level":"error"}
{"message":"E11000 duplicate key error collection: Hom-E-Hub.environmentvariables index: _id_ dup key: { : ObjectId('5c1a9c2467f0664ecc30bdbe') }","level":"error"}
{"message":"E11000 duplicate key error collection: Hom-E-Hub.environmentvariables index: _id_ dup key: { : ObjectId('5c1a9c2467f0664ecc30bdbe') }","level":"error"}
{"message":"E11000 duplicate key error collection: Hom-E-Hub.environmentvariables index: _id_ dup key: { : ObjectId('5c1a9c2467f0664ecc30bdbe') }","level":"error"}
{"message":"E11000 duplicate key error collection: Hom-E-Hub.environmentvariables index: _id_ dup key: { : ObjectId('5c1a9c2467f0664ecc30bdbe') }","level":"error"}
{"message":"E11000 duplicate key error collection: Hom-E-Hub.environmentvariables index: _id_ dup key: { : ObjectId('5c1a9c2467f0664ecc30bdbe') }","level":"error"}
{"message":"E11000 duplicate key error collection: Hom-E-Hub.environmentvariables index: _id_ dup key: { : ObjectId('5c1a9c2467f0664ecc30bdbe') }","level":"error"}
{"message":"E11000 duplicate key error collection: Hom-E-Hub.environmentvariables index: _id_ dup key: { : ObjectId('5c1a9c2467f0664ecc30bdbe') }","level":"error"}
{"message":"E11000 duplicate key error collection: Hom-E-Hub.environmentvariables index: _id_ dup key: { : ObjectId('5c1a9c2467f0664ecc30bdbe') }","level":"error"}
{"message":"E11000 duplicate key error collection: Hom-E-Hub.environmentvariables index: _id_ dup key: { : ObjectId('5c1a9c2467f0664ecc30bdbe') }","level":"error"}
{"message":"E11000 duplicate key error collection: Hom-E-Hub.environmentvariables index: _id_ dup key: { : ObjectId('5c1a9c2467f0664ecc30bdbe') }","level":"error"}
{"message":"E11000 duplicate key error collection: Hom-E-Hub.environmentvariables index: _id_ dup key: { : ObjectId('5c1a9c2467f0664ecc30bdbe') }","level":"error"}
{"message":"E11000 duplicate key error collection: Hom-E-Hub.environmentvariables index: _id_ dup key: { : ObjectId('5c1a9c2467f0664ecc30bdbe') }","level":"error"}
{"message":"E11000 duplicate key error collection: Hom-E-Hub.environmentvariables index: _id_ dup key: { : ObjectId('5c1a9c2467f0664ecc30bdbe') }","level":"error"}
{"message":"E11000 duplicate key error collection: Hom-E-Hub.environmentvariables index: _id_ dup key: { : ObjectId('5c1a9c2467f0664ecc30bdbe') }","level":"error"}
{"message":"E11000 duplicate key error collection: Hom-E-Hub.environmentvariables index: _id_ dup key: { : ObjectId('5c1a9c2467f0664ecc30bdbe') }","level":"error"}
{"message":"E11000 duplicate key error collection: Hom-E-Hub.environmentvariables index: _id_ dup key: { : ObjectId('5c1a9c2467f0664ecc30bdbe') }","level":"error"}
{"message":"E11000 duplicate key error collection: Hom-E-Hub.environmentvariables index: _id_ dup key: { : ObjectId('5c1a9c2467f0664ecc30bdbe') }","level":"error"}
{"message":"E11000 duplicate key error collection: Hom-E-Hub.environmentvariables index: _id_ dup key: { : ObjectId('5c1a9c2467f0664ecc30bdbe') }","level":"error"}
{"message":"E11000 duplicate key error collection: Hom-E-Hub.environmentvariables index: _id_ dup key: { : ObjectId('5c1a9c2467f0664ecc30bdbe') }","level":"error"}
{"message":"E11000 duplicate key error collection: Hom-E-Hub.environmentvariables index: _id_ dup key: { : ObjectId('5c1a9c2467f0664ecc30bdbe') }","level":"error"}
{"message":"E11000 duplicate key error collection: Hom-E-Hub.environmentvariables index: _id_ dup key: { : ObjectId('5c1a9c2467f0664ecc30bdbe') }","level":"error"}
{"message":"E11000 duplicate key error collection: Hom-E-Hub.environmentvariables index: _id_ dup key: { : ObjectId('5c1a9c2467f0664ecc30bdbe') }","level":"error"}
{"message":"E11000 duplicate key error collection: Hom-E-Hub.environmentvariables index: _id_ dup key: { : ObjectId('5c1a9c2467f0664ecc30bdbe') }","level":"error"}
{"message":"E11000 duplicate key error collection: Hom-E-Hub.environmentvariables index: _id_ dup key: { : ObjectId('5c1a9c2467f0664ecc30bdbe') }","level":"error"}
{"message":"The sensor 5c1aa41b7334835bbe3c16aa tried to connect but isn't registered !","level":"error"}
{"message":"Parameter \"obj\" to Document() must be an object, got 5c1aa735df27dc6019d4316a","level":"error"}
{"message":"Parameter \"obj\" to Document() must be an object, got 5c1aa735df27dc6019d4316a","level":"error"}
{"message":"Parameter \"obj\" to Document() must be an object, got 5c1aa735df27dc6019d4316a","level":"error"}
{"message":"Parameter \"obj\" to Document() must be an object, got 5c1aa735df27dc6019d4316a","level":"error"}
{"message":"Parameter \"obj\" to Document() must be an object, got 5c1aa735df27dc6019d4316a","level":"error"}
{"message":"Parameter \"obj\" to Document() must be an object, got 5c1aa735df27dc6019d4316a","level":"error"}
{"message":"Parameter \"obj\" to Document() must be an object, got 5c1aa735df27dc6019d4316a","level":"error"}
{"message":"Parameter \"obj\" to Document() must be an object, got 5c1aa735df27dc6019d4316a","level":"error"}
{"message":"Parameter \"obj\" to Document() must be an object, got 5c1aa735df27dc6019d4316a","level":"error"}
{"message":"Parameter \"obj\" to Document() must be an object, got 5c1aa735df27dc6019d4316a","level":"error"}
{"message":"Parameter \"obj\" to Document() must be an object, got 5c1aa735df27dc6019d4316a","level":"error"}
{"message":"Parameter \"obj\" to Document() must be an object, got 5c1aa735df27dc6019d4316a","level":"error"}
{"message":"Parameter \"obj\" to Document() must be an object, got 5c1aa735df27dc6019d4316a","level":"error"}
{"message":"Parameter \"obj\" to Document() must be an object, got 5c1aa735df27dc6019d4316a","level":"error"}
{"message":"Parameter \"obj\" to Document() must be an object, got 5c1aa735df27dc6019d4316a","level":"error"}
{"message":"Parameter \"obj\" to Document() must be an object, got 5c1aa735df27dc6019d4316a","level":"error"}
{"message":"Parameter \"obj\" to Document() must be an object, got 5c1aa735df27dc6019d4316a","level":"error"}
{"message":"Parameter \"obj\" to Document() must be an object, got 5c1aa735df27dc6019d4316a","level":"error"}
{"message":"Parameter \"obj\" to Document() must be an object, got 5c1aa735df27dc6019d4316a","level":"error"}
{"message":"Parameter \"obj\" to Document() must be an object, got 5c1aa735df27dc6019d4316a","level":"error"}
{"message":"Parameter \"obj\" to Document() must be an object, got 5c1aa735df27dc6019d4316a","level":"error"}
{"message":"Parameter \"obj\" to Document() must be an object, got 5c1aa735df27dc6019d4316a","level":"error"}
{"message":"Parameter \"obj\" to Document() must be an object, got 5c1aa735df27dc6019d4316a","level":"error"}
{"message":"Parameter \"obj\" to Document() must be an object, got 5c1aa735df27dc6019d4316a","level":"error"}
{"message":"Parameter \"obj\" to Document() must be an object, got 5c1aa735df27dc6019d4316a","level":"error"}
{"message":"Parameter \"obj\" to Document() must be an object, got 5c1aa735df27dc6019d4316a","level":"error"}
{"message":"Parameter \"obj\" to Document() must be an object, got 5c1aa735df27dc6019d4316a","level":"error"}
{"message":"Parameter \"obj\" to Document() must be an object, got 5c1aa735df27dc6019d4316a","level":"error"}
{"message":"Parameter \"obj\" to Document() must be an object, got 5c1aa735df27dc6019d4316a","level":"error"}
{"message":"Parameter \"obj\" to Document() must be an object, got 5c1aa735df27dc6019d4316a","level":"error"}
{"message":"Parameter \"obj\" to Document() must be an object, got 5c1aa735df27dc6019d4316a","level":"error"}
{"message":"Parameter \"obj\" to Document() must be an object, got 5c1aa735df27dc6019d4316a","level":"error"}
{"message":"Parameter \"obj\" to Document() must be an object, got 5c1aa735df27dc6019d4316a","level":"error"}
{"message":"Parameter \"obj\" to Document() must be an object, got 5c1aa735df27dc6019d4316a","level":"error"}
{"message":"Parameter \"obj\" to Document() must be an object, got 5c1aa735df27dc6019d4316a","level":"error"}
{"message":"Parameter \"obj\" to Document() must be an object, got 5c1aa735df27dc6019d4316a","level":"error"}
{"message":"Parameter \"obj\" to Document() must be an object, got 5c1aa735df27dc6019d4316a","level":"error"}
{"message":"Parameter \"obj\" to Document() must be an object, got 5c1aa735df27dc6019d4316a","level":"error"}
{"message":"Parameter \"obj\" to Document() must be an object, got 5c1aa735df27dc6019d4316a","level":"error"}
{"message":"Parameter \"obj\" to Document() must be an object, got 5c1aa735df27dc6019d4316a","level":"error"}
{"message":"Parameter \"obj\" to Document() must be an object, got 5c1aa735df27dc6019d4316a","level":"error"}
{"message":"Parameter \"obj\" to Document() must be an object, got 5c1aa735df27dc6019d4316a","level":"error"}
{"message":"Parameter \"obj\" to Document() must be an object, got 5c1aa735df27dc6019d4316a","level":"error"}
{"message":"Parameter \"obj\" to Document() must be an object, got 5c1aa735df27dc6019d4316a","level":"error"}
{"message":"Parameter \"obj\" to Document() must be an object, got 5c1aa735df27dc6019d4316a","level":"error"}
{"message":"Parameter \"obj\" to Document() must be an object, got 5c1aa735df27dc6019d4316a","level":"error"}
{"message":"Parameter \"obj\" to Document() must be an object, got 5c1aa735df27dc6019d4316a","level":"error"}
{"message":"Parameter \"obj\" to Document() must be an object, got 5c1aa735df27dc6019d4316a","level":"error"}
{"message":"Parameter \"obj\" to Document() must be an object, got 5c1aa735df27dc6019d4316a","level":"error"}
{"message":"Parameter \"obj\" to Document() must be an object, got 5c1aa735df27dc6019d4316a","level":"error"}
{"message":"Parameter \"obj\" to Document() must be an object, got 5c1aa735df27dc6019d4316a","level":"error"}
{"message":"Parameter \"obj\" to Document() must be an object, got 5c1aa735df27dc6019d4316a","level":"error"}
{"message":"Parameter \"obj\" to Document() must be an object, got 5c1aa735df27dc6019d4316a","level":"error"}
{"message":"Parameter \"obj\" to Document() must be an object, got 5c1aa735df27dc6019d4316a","level":"error"}
{"message":"Parameter \"obj\" to Document() must be an object, got 5c1aa735df27dc6019d4316a","level":"error"}
{"message":"Parameter \"obj\" to Document() must be an object, got 5c1aa735df27dc6019d4316a","level":"error"}
{"message":"Parameter \"obj\" to Document() must be an object, got 5c1aa735df27dc6019d4316a","level":"error"}
{"message":"Parameter \"obj\" to Document() must be an object, got 5c1aa735df27dc6019d4316a","level":"error"}
{"message":"The sensor 5c1aa80f12fbf1615da7ca3f tried to connect but isn't registered !","level":"error"}
{"level":"error"}
{"level":"error"}
{"level":"error"}
{"level":"error"}
{"level":"error"}
{"level":"error"}
{"level":"error"}
{"level":"error"}
{"level":"error"}
{"level":"error"}
{"level":"error"}
{"level":"error"}
{"level":"error"}
{"level":"error"}
{"level":"error"}
{"level":"error"}
{"level":"error"}
{"level":"error"}
{"message":"ActuatorController.registerActuator is not a function","level":"error"}
{"message":"Cannot read property 'map' of undefined","level":"error"}
{"message":"Cannot read property 'map' of undefined","level":"error"}
{"message":"CategoryController is not defined","level":"error"}
{"message":"CategoryController is not defined","level":"error"}
{"message":"CategoryController is not defined","level":"error"}
{"message":"CategoryController is not defined","level":"error"}
{"message":"CategoryController is not defined","level":"error"}
{"message":"CategoryController is not defined","level":"error"}
{"message":"CategoryController is not defined","level":"error"}
{"message":"CategoryController is not defined","level":"error"}
{"message":"Cannot read property 'getCategoryById' of undefined","level":"error"}
{"message":"Cannot read property 'getCategoryById' of undefined","level":"error"}
{"message":"Cannot read property 'getCategoryById' of undefined","level":"error"}
{"message":"Cannot read property 'getCategoryById' of undefined","level":"error"}
{"message":"Cannot read property 'getCategoryById' of undefined","level":"error"}
{"message":"Cannot read property 'getCategoryById' of undefined","level":"error"}
{"message":"Cannot read property 'getCategoryById' of undefined","level":"error"}
{"message":"Cannot read property 'getCategoryById' of undefined","level":"error"}
{"message":"Cannot read property 'getCategoryById' of undefined","level":"error"}
{"message":"Cannot read property 'getCategoryById' of undefined","level":"error"}
{"message":"Cannot read property 'getCategoryById' of undefined","level":"error"}
{"message":"Cannot read property 'getCategoryById' of undefined","level":"error"}
{"message":"Cannot read property 'getCategoryById' of undefined","level":"error"}
{"message":"Cannot read property 'getCategoryById' of undefined","level":"error"}
{"message":"Cannot read property 'getCategoryById' of undefined","level":"error"}
{"message":"Cannot read property 'getCategoryById' of undefined","level":"error"}
{"message":"Cannot read property 'getCategoryById' of undefined","level":"error"}
{"message":"Cannot read property 'getCategoryById' of undefined","level":"error"}
{"message":"Cannot read property 'getCategoryById' of undefined","level":"error"}
{"message":"Cannot read property 'getCategoryById' of undefined","level":"error"}
{"message":"Cannot read property 'getCategoryById' of undefined","level":"error"}
{"message":"Cannot read property 'getCategoryById' of undefined","level":"error"}
{"message":"Cannot read property 'getCategoryById' of undefined","level":"error"}
{"message":"Cannot read property 'getCategoryById' of undefined","level":"error"}
{"message":"Cannot read property 'getCategoryById' of undefined","level":"error"}
{"message":"Cannot read property 'getCategoryById' of undefined","level":"error"}
{"message":"Cannot read property 'getCategoryById' of undefined","level":"error"}
{"message":"Cannot read property 'getCategoryById' of undefined","level":"error"}
{"message":"Cannot read property 'getCategoryById' of undefined","level":"error"}
{"message":"Cannot read property 'getCategoryById' of undefined","level":"error"}
{"message":"Cannot read property 'getCategoryById' of undefined","level":"error"}
{"message":"Cannot read property 'getCategoryById' of undefined","level":"error"}
{"message":"Cannot read property 'getCategoryById' of undefined","level":"error"}
{"message":"Cannot read property 'getCategoryById' of undefined","level":"error"}
{"message":"Parameter \"obj\" to Document() must be an object, got 5c1ac95e570e6972947bc431","level":"error"}
{"message":"Parameter \"obj\" to Document() must be an object, got 5c1ac95e570e6972947bc431","level":"error"}
{"message":"Parameter \"obj\" to Document() must be an object, got 5c1ac95e570e6972947bc431","level":"error"}
{"message":"Parameter \"obj\" to Document() must be an object, got 5c1ac95e570e6972947bc431","level":"error"}
{"message":"Parameter \"obj\" to Document() must be an object, got 5c1ac95e570e6972947bc431","level":"error"}
{"message":"Parameter \"obj\" to Document() must be an object, got 5c1ac95e570e6972947bc431","level":"error"}
{"message":"Parameter \"obj\" to Document() must be an object, got 5c1ac95e570e6972947bc431","level":"error"}
{"message":"Parameter \"obj\" to Document() must be an object, got 5c1ac95e570e6972947bc431","level":"error"}
{"message":"Parameter \"obj\" to Document() must be an object, got 5c1ac95e570e6972947bc431","level":"error"}
{"message":"Parameter \"obj\" to Document() must be an object, got 5c1ac95e570e6972947bc431","level":"error"}
{"message":"database_event is not defined","level":"error"}
{"message":"database_event is not defined","level":"error"}
{"message":"database_event is not defined","level":"error"}
{"message":"database_event is not defined","level":"error"}
{"message":"Sensor is not defined","level":"error"}
{"message":"Sensor is not defined","level":"error"}
{"message":"Sensor is not defined","level":"error"}
{"message":"Sensor is not defined","level":"error"}
{"message":"Sensor is not defined","level":"error"}
{"message":"The actuator 5c1ace15d67d41790e581d74 tried to connect while being already connected !","level":"error"}
{"message":"The actuator 5c1ace15d67d41790e581d74 tried to connect while being already connected !","level":"error"}
{"message":"The actuator 5c1ace15d67d41790e581d74 tried to connect while being already connected !","level":"error"}
{"message":"The actuator 5c1ace15d67d41790e581d74 tried to connect while being already connected !","level":"error"}
{"message":"The actuator 5c1ace15d67d41790e581d74 tried to connect but isn't registered !","level":"error"}
{"message":"The actuator 5c1acec97a10c47a7f3f6129 tried to connect while being already connected !","level":"error"}
{"message":"The actuator 5c1ad0bdbc53ce7d400a2847 tried to connect while being already connected !","level":"error"}
{"message":"The actuator 5c1ad0bdbc53ce7d400a2847 tried to connect but isn't registered !","level":"error"}
{"message":"The sensor 5c1acbad1954cf758fc9989c tried to connect but isn't registered !","level":"error"}
{"message":"The actuator 5c1ad24fbcbcb67fe0fe107f tried to connect but isn't registered !","level":"error"}
{"message":"The actuator 5c1b934d8eb10939c28c39a2 tried to connect but isn't registered !","level":"error"}
{"message":"Complex is not defined","level":"error"}
{"message":"database_event is not defined","level":"error"}
{"message":"database_event is not defined","level":"error"}
{"message":"The actuator 5c1b99f49bb215412e3fbebe tried to connect but isn't registered !","level":"error"}
{"message":"The actuator 5c1b9b7b466ec84383d1910a tried to connect but isn't registered !","level":"error"}
{"level":"error"}
{"level":"error"}
{"message":"The sensor 5c1ad262bcbcb67fe0fe1083 tried to connect but isn't registered !","level":"error"}
{"message":"The actuator 5c1b9cb83a508345081fd408 tried to connect but isn't registered !","level":"error"}
{"message":"The sensor 5c1bb71c619f1c5632698a27 tried to connect but isn't registered !","level":"error"}
{"message":"Cannot read property 'getCategoryById' of undefined","level":"error"}
{"message":"Cannot read property 'getCategoryById' of undefined","level":"error"}
{"message":"Cannot read property 'getCategoryById' of undefined","level":"error"}
{"message":"Cannot read property 'getCategoryById' of undefined","level":"error"}
{"message":"Cannot read property 'getCategoryById' of undefined","level":"error"}
{"message":"Cannot read property 'getCategoryById' of undefined","level":"error"}
{"message":"Cannot read property 'getCategoryById' of undefined","level":"error"}
{"message":"Cannot read property 'getCategoryById' of undefined","level":"error"}
{"message":"Cannot read property 'getCategoryById' of undefined","level":"error"}
{"message":"Cannot read property 'getCategoryById' of undefined","level":"error"}
{"message":"Cannot read property 'getCategoryById' of undefined","level":"error"}
{"message":"Cannot read property 'getCategoryById' of undefined","level":"error"}
{"message":"Cannot read property 'getCategoryById' of undefined","level":"error"}
{"message":"Cannot read property 'getCategoryById' of undefined","level":"error"}
{"message":"Cannot read property 'getCategoryById' of undefined","level":"error"}
{"message":"Cannot read property 'getCategoryById' of undefined","level":"error"}
{"message":"Cannot read property 'getCategoryById' of undefined","level":"error"}
{"message":"Cannot read property 'getCategoryById' of undefined","level":"error"}
{"message":"Cannot read property 'getCategoryById' of undefined","level":"error"}
{"message":"Cannot read property 'getCategoryById' of undefined","level":"error"}
{"level":"error"}
{"message":"Cannot read property '_id' of null","level":"error"}
{"level":"error"}
{"message":"environmentVariableId is not defined","level":"error"}
{"level":"error"}
{"message":"Cannot read property '_id' of null","level":"error"}
{"message":"EnvironmentVariable.getEnvironmentVariables is not a function","level":"error"}
{"level":"error"}
{"level":"error"}
{"level":"error"}
{"level":"error"}
{"message":"Cannot read property '_id' of null","level":"error"}
{"level":"error"}
{"message":"Cannot read property '_id' of null","level":"error"}
{"level":"error"}
{"message":"Cannot read property '_id' of null","level":"error"}
{"level":"error"}
{"message":"Cannot read property '_id' of null","level":"error"}
{"level":"error"}
{"level":"error"}
{"level":"error"}
{"level":"error"}
{"level":"error"}
{"message":"topology was destroyed","level":"error"}
{"level":"error"}
{"message":"topology was destroyed","level":"error"}
{"level":"error"}
{"level":"error"}
{"level":"error"}
{"level":"error"}
{"level":"error"}
{"level":"error"}
{"level":"error"}
{"level":"error"}
{"message":"The actuator 5c217e49804bf53cd6a74759 tried to connect but isn't registered !","level":"error"}
{"message":"The sensor 5c217de1804bf53cd6a74755 tried to connect but isn't registered !","level":"error"}
{"message":"Cannot read property 'type' of undefined","level":"error"}
{"message":"Cannot read property 'type' of undefined","level":"error"}
{"message":"The actuator 5c2186aba1ba1349146af95e tried to connect but isn't registered !","level":"error"}
{"message":"The sensor 5c21891ee7001e4b67a09d25 tried to connect but isn't registered !","level":"error"}
{"message":"The actuator 5c219119e0eea753d70a59e9 tried to connect but isn't registered !","level":"error"}
{"message":"The sensor 5c219119e0eea753d70a59ed tried to connect but isn't registered !","level":"error"}
{"message":"Actuator not connected","level":"error"}
{"message":"Actuator undefined not connected","level":"error"}
{"message":"Actuator undefined not connected","level":"error"}
{"message":"Actuator undefined not connected","level":"error"}
{"message":"Actuator undefined not connected","level":"error"}
{"message":"Actuator undefined not connected","level":"error"}
{"message":"Actuator undefined not connected","level":"error"}
{"message":"Environment_variableController.getGetTriggeredBehavior is not a function","level":"error"}
{"message":"The sensor 5c2193ab675f9456c1234bfa tried to connect but isn't registered !","level":"error"}
{"message":"The actuator 5c2191e95d6a6454a8333418 tried to connect but isn't registered !","level":"error"}
